<?xml version="1.0" encoding="UTF-8"?>
<testng-results ignored="0" total="1" passed="1" failed="0" skipped="0">
  <reporter-output>
    <line>
      <![CDATA[Hi Hello]]>
    </line>
    <line>
      <![CDATA[Hi Hello]]>
    </line>
    <line>
      <![CDATA[Hi Hello]]>
    </line>
  </reporter-output>
  <suite started-at="2020-08-11T16:33:52 IST" name="Default suite" finished-at="2020-08-11T16:33:53 IST" duration-ms="91">
    <groups>
    </groups>
    <test started-at="2020-08-11T16:33:52 IST" name="Default test" finished-at="2020-08-11T16:33:53 IST" duration-ms="91">
      <class name="com.actitime.login.ActiLogin">
        <test-method signature="run()[pri:0, instance:com.actitime.login.ActiLogin@14d3bc22]" started-at="2020-08-11T16:33:53 IST" name="run" finished-at="2020-08-11T16:33:53 IST" duration-ms="14" status="PASS">
          <reporter-output>
            <line>
              <![CDATA[Hi Hello]]>
            </line>
            <line>
              <![CDATA[Hi Hello]]>
            </line>
            <line>
              <![CDATA[Hi Hello]]>
            </line>
          </reporter-output>
        </test-method> <!-- run -->
      </class> <!-- com.actitime.login.ActiLogin -->
    </test> <!-- Default test -->
  </suite> <!-- Default suite -->
</testng-results>
